<?xml version="1.0" encoding="UTF-8"?>
<testsuite xmlns:xsi="http://www.w3.org/2001/XMLSchema-instance" xsi:noNamespaceSchemaLocation="https://maven.apache.org/surefire/maven-surefire-plugin/xsd/surefire-test-report-3.0.xsd" version="3.0" name="TestSuite" time="80.777" tests="5" errors="0" skipped="0" failures="0">
  <properties>
    <property name="java.specification.version" value="23"/>
    <property name="webdriver.chrome.driver" value="/Users/bhagyasri.kurmadasu/.cache/selenium/chromedriver/mac64/136.0.7103.94/chromedriver"/>
    <property name="sun.jnu.encoding" value="UTF-8"/>
    <property name="java.class.path" value="/Users/bhagyasri.kurmadasu/eclipse-workspace1/AutomationAssessment/target/test-classes:/Users/bhagyasri.kurmadasu/eclipse-workspace1/AutomationAssessment/target/classes:/Users/bhagyasri.kurmadasu/.m2/repository/org/seleniumhq/selenium/selenium-java/4.19.1/selenium-java-4.19.1.jar:/Users/bhagyasri.kurmadasu/.m2/repository/org/seleniumhq/selenium/selenium-api/4.19.1/selenium-api-4.19.1.jar:/Users/bhagyasri.kurmadasu/.m2/repository/org/seleniumhq/selenium/selenium-chrome-driver/4.19.1/selenium-chrome-driver-4.19.1.jar:/Users/bhagyasri.kurmadasu/.m2/repository/com/google/auto/service/auto-service-annotations/1.1.1/auto-service-annotations-1.1.1.jar:/Users/bhagyasri.kurmadasu/.m2/repository/org/seleniumhq/selenium/selenium-chromium-driver/4.19.1/selenium-chromium-driver-4.19.1.jar:/Users/bhagyasri.kurmadasu/.m2/repository/org/seleniumhq/selenium/selenium-json/4.19.1/selenium-json-4.19.1.jar:/Users/bhagyasri.kurmadasu/.m2/repository/org/seleniumhq/selenium/selenium-manager/4.19.1/selenium-manager-4.19.1.jar:/Users/bhagyasri.kurmadasu/.m2/repository/org/seleniumhq/selenium/selenium-devtools-v121/4.19.1/selenium-devtools-v121-4.19.1.jar:/Users/bhagyasri.kurmadasu/.m2/repository/org/seleniumhq/selenium/selenium-devtools-v122/4.19.1/selenium-devtools-v122-4.19.1.jar:/Users/bhagyasri.kurmadasu/.m2/repository/org/seleniumhq/selenium/selenium-devtools-v123/4.19.1/selenium-devtools-v123-4.19.1.jar:/Users/bhagyasri.kurmadasu/.m2/repository/org/seleniumhq/selenium/selenium-devtools-v85/4.19.1/selenium-devtools-v85-4.19.1.jar:/Users/bhagyasri.kurmadasu/.m2/repository/org/seleniumhq/selenium/selenium-edge-driver/4.19.1/selenium-edge-driver-4.19.1.jar:/Users/bhagyasri.kurmadasu/.m2/repository/org/seleniumhq/selenium/selenium-firefox-driver/4.19.1/selenium-firefox-driver-4.19.1.jar:/Users/bhagyasri.kurmadasu/.m2/repository/org/seleniumhq/selenium/selenium-http/4.19.1/selenium-http-4.19.1.jar:/Users/bhagyasri.kurmadasu/.m2/repository/dev/failsafe/failsafe/3.3.2/failsafe-3.3.2.jar:/Users/bhagyasri.kurmadasu/.m2/repository/org/seleniumhq/selenium/selenium-ie-driver/4.19.1/selenium-ie-driver-4.19.1.jar:/Users/bhagyasri.kurmadasu/.m2/repository/org/seleniumhq/selenium/selenium-remote-driver/4.19.1/selenium-remote-driver-4.19.1.jar:/Users/bhagyasri.kurmadasu/.m2/repository/com/google/guava/guava/33.1.0-jre/guava-33.1.0-jre.jar:/Users/bhagyasri.kurmadasu/.m2/repository/com/google/guava/failureaccess/1.0.2/failureaccess-1.0.2.jar:/Users/bhagyasri.kurmadasu/.m2/repository/com/google/guava/listenablefuture/9999.0-empty-to-avoid-conflict-with-guava/listenablefuture-9999.0-empty-to-avoid-conflict-with-guava.jar:/Users/bhagyasri.kurmadasu/.m2/repository/com/google/code/findbugs/jsr305/3.0.2/jsr305-3.0.2.jar:/Users/bhagyasri.kurmadasu/.m2/repository/org/checkerframework/checker-qual/3.42.0/checker-qual-3.42.0.jar:/Users/bhagyasri.kurmadasu/.m2/repository/com/google/errorprone/error_prone_annotations/2.26.1/error_prone_annotations-2.26.1.jar:/Users/bhagyasri.kurmadasu/.m2/repository/com/google/j2objc/j2objc-annotations/3.0.0/j2objc-annotations-3.0.0.jar:/Users/bhagyasri.kurmadasu/.m2/repository/io/opentelemetry/semconv/opentelemetry-semconv/1.23.1-alpha/opentelemetry-semconv-1.23.1-alpha.jar:/Users/bhagyasri.kurmadasu/.m2/repository/io/opentelemetry/opentelemetry-api/1.36.0/opentelemetry-api-1.36.0.jar:/Users/bhagyasri.kurmadasu/.m2/repository/io/opentelemetry/opentelemetry-context/1.36.0/opentelemetry-context-1.36.0.jar:/Users/bhagyasri.kurmadasu/.m2/repository/io/opentelemetry/opentelemetry-exporter-logging/1.36.0/opentelemetry-exporter-logging-1.36.0.jar:/Users/bhagyasri.kurmadasu/.m2/repository/io/opentelemetry/opentelemetry-sdk-common/1.36.0/opentelemetry-sdk-common-1.36.0.jar:/Users/bhagyasri.kurmadasu/.m2/repository/io/opentelemetry/opentelemetry-sdk-extension-autoconfigure-spi/1.36.0/opentelemetry-sdk-extension-autoconfigure-spi-1.36.0.jar:/Users/bhagyasri.kurmadasu/.m2/repository/io/opentelemetry/opentelemetry-sdk-extension-autoconfigure/1.36.0/opentelemetry-sdk-extension-autoconfigure-1.36.0.jar:/Users/bhagyasri.kurmadasu/.m2/repository/io/opentelemetry/opentelemetry-api-events/1.36.0-alpha/opentelemetry-api-events-1.36.0-alpha.jar:/Users/bhagyasri.kurmadasu/.m2/repository/io/opentelemetry/opentelemetry-sdk-trace/1.36.0/opentelemetry-sdk-trace-1.36.0.jar:/Users/bhagyasri.kurmadasu/.m2/repository/io/opentelemetry/opentelemetry-extension-incubator/1.36.0-alpha/opentelemetry-extension-incubator-1.36.0-alpha.jar:/Users/bhagyasri.kurmadasu/.m2/repository/io/opentelemetry/opentelemetry-sdk/1.36.0/opentelemetry-sdk-1.36.0.jar:/Users/bhagyasri.kurmadasu/.m2/repository/io/opentelemetry/opentelemetry-sdk-metrics/1.36.0/opentelemetry-sdk-metrics-1.36.0.jar:/Users/bhagyasri.kurmadasu/.m2/repository/io/opentelemetry/opentelemetry-sdk-logs/1.36.0/opentelemetry-sdk-logs-1.36.0.jar:/Users/bhagyasri.kurmadasu/.m2/repository/org/seleniumhq/selenium/selenium-os/4.19.1/selenium-os-4.19.1.jar:/Users/bhagyasri.kurmadasu/.m2/repository/org/apache/commons/commons-exec/1.3/commons-exec-1.3.jar:/Users/bhagyasri.kurmadasu/.m2/repository/org/seleniumhq/selenium/selenium-safari-driver/4.19.1/selenium-safari-driver-4.19.1.jar:/Users/bhagyasri.kurmadasu/.m2/repository/org/seleniumhq/selenium/selenium-support/4.19.1/selenium-support-4.19.1.jar:/Users/bhagyasri.kurmadasu/.m2/repository/io/cucumber/cucumber-java/7.14.0/cucumber-java-7.14.0.jar:/Users/bhagyasri.kurmadasu/.m2/repository/io/cucumber/cucumber-core/7.14.0/cucumber-core-7.14.0.jar:/Users/bhagyasri.kurmadasu/.m2/repository/io/cucumber/cucumber-gherkin/7.14.0/cucumber-gherkin-7.14.0.jar:/Users/bhagyasri.kurmadasu/.m2/repository/io/cucumber/cucumber-gherkin-messages/7.14.0/cucumber-gherkin-messages-7.14.0.jar:/Users/bhagyasri.kurmadasu/.m2/repository/io/cucumber/gherkin/26.2.0/gherkin-26.2.0.jar:/Users/bhagyasri.kurmadasu/.m2/repository/io/cucumber/messages/22.0.0/messages-22.0.0.jar:/Users/bhagyasri.kurmadasu/.m2/repository/io/cucumber/tag-expressions/5.0.6/tag-expressions-5.0.6.jar:/Users/bhagyasri.kurmadasu/.m2/repository/io/cucumber/cucumber-expressions/16.1.2/cucumber-expressions-16.1.2.jar:/Users/bhagyasri.kurmadasu/.m2/repository/io/cucumber/datatable/7.14.0/datatable-7.14.0.jar:/Users/bhagyasri.kurmadasu/.m2/repository/io/cucumber/cucumber-plugin/7.14.0/cucumber-plugin-7.14.0.jar:/Users/bhagyasri.kurmadasu/.m2/repository/io/cucumber/docstring/7.14.0/docstring-7.14.0.jar:/Users/bhagyasri.kurmadasu/.m2/repository/io/cucumber/html-formatter/20.4.0/html-formatter-20.4.0.jar:/Users/bhagyasri.kurmadasu/.m2/repository/io/cucumber/junit-xml-formatter/0.2.0/junit-xml-formatter-0.2.0.jar:/Users/bhagyasri.kurmadasu/.m2/repository/io/cucumber/ci-environment/9.2.0/ci-environment-9.2.0.jar:/Users/bhagyasri.kurmadasu/.m2/repository/org/apiguardian/apiguardian-api/1.1.2/apiguardian-api-1.1.2.jar:/Users/bhagyasri.kurmadasu/.m2/repository/io/cucumber/cucumber-testng/7.14.0/cucumber-testng-7.14.0.jar:/Users/bhagyasri.kurmadasu/.m2/repository/org/testng/testng/7.9.0/testng-7.9.0.jar:/Users/bhagyasri.kurmadasu/.m2/repository/org/slf4j/slf4j-api/1.7.36/slf4j-api-1.7.36.jar:/Users/bhagyasri.kurmadasu/.m2/repository/com/beust/jcommander/1.82/jcommander-1.82.jar:/Users/bhagyasri.kurmadasu/.m2/repository/org/webjars/jquery/3.7.1/jquery-3.7.1.jar:/Users/bhagyasri.kurmadasu/.m2/repository/junit/junit/4.13.2/junit-4.13.2.jar:/Users/bhagyasri.kurmadasu/.m2/repository/org/hamcrest/hamcrest-core/1.3/hamcrest-core-1.3.jar:/Users/bhagyasri.kurmadasu/.m2/repository/org/assertj/assertj-core/3.25.3/assertj-core-3.25.3.jar:/Users/bhagyasri.kurmadasu/.m2/repository/net/bytebuddy/byte-buddy/1.14.11/byte-buddy-1.14.11.jar:/Users/bhagyasri.kurmadasu/.m2/repository/io/github/bonigarcia/webdrivermanager/5.7.0/webdrivermanager-5.7.0.jar:/Users/bhagyasri.kurmadasu/.m2/repository/com/google/code/gson/gson/2.10.1/gson-2.10.1.jar:/Users/bhagyasri.kurmadasu/.m2/repository/com/github/docker-java/docker-java/3.3.5/docker-java-3.3.5.jar:/Users/bhagyasri.kurmadasu/.m2/repository/com/github/docker-java/docker-java-core/3.3.5/docker-java-core-3.3.5.jar:/Users/bhagyasri.kurmadasu/.m2/repository/com/github/docker-java/docker-java-api/3.3.5/docker-java-api-3.3.5.jar:/Users/bhagyasri.kurmadasu/.m2/repository/com/fasterxml/jackson/core/jackson-annotations/2.10.3/jackson-annotations-2.10.3.jar:/Users/bhagyasri.kurmadasu/.m2/repository/com/fasterxml/jackson/core/jackson-databind/2.10.3/jackson-databind-2.10.3.jar:/Users/bhagyasri.kurmadasu/.m2/repository/com/fasterxml/jackson/core/jackson-core/2.10.3/jackson-core-2.10.3.jar:/Users/bhagyasri.kurmadasu/.m2/repository/org/bouncycastle/bcpkix-jdk18on/1.76/bcpkix-jdk18on-1.76.jar:/Users/bhagyasri.kurmadasu/.m2/repository/org/bouncycastle/bcprov-jdk18on/1.76/bcprov-jdk18on-1.76.jar:/Users/bhagyasri.kurmadasu/.m2/repository/org/bouncycastle/bcutil-jdk18on/1.76/bcutil-jdk18on-1.76.jar:/Users/bhagyasri.kurmadasu/.m2/repository/org/slf4j/jcl-over-slf4j/1.7.30/jcl-over-slf4j-1.7.30.jar:/Users/bhagyasri.kurmadasu/.m2/repository/com/github/docker-java/docker-java-transport-httpclient5/3.3.5/docker-java-transport-httpclient5-3.3.5.jar:/Users/bhagyasri.kurmadasu/.m2/repository/com/github/docker-java/docker-java-transport/3.3.5/docker-java-transport-3.3.5.jar:/Users/bhagyasri.kurmadasu/.m2/repository/net/java/dev/jna/jna/5.13.0/jna-5.13.0.jar:/Users/bhagyasri.kurmadasu/.m2/repository/org/brotli/dec/0.1.2/dec-0.1.2.jar:/Users/bhagyasri.kurmadasu/.m2/repository/org/apache/commons/commons-lang3/3.14.0/commons-lang3-3.14.0.jar:/Users/bhagyasri.kurmadasu/.m2/repository/org/apache/commons/commons-compress/1.26.0/commons-compress-1.26.0.jar:/Users/bhagyasri.kurmadasu/.m2/repository/commons-io/commons-io/2.15.1/commons-io-2.15.1.jar:/Users/bhagyasri.kurmadasu/.m2/repository/org/apache/httpcomponents/client5/httpclient5/5.2.1/httpclient5-5.2.1.jar:/Users/bhagyasri.kurmadasu/.m2/repository/org/apache/httpcomponents/core5/httpcore5/5.2/httpcore5-5.2.jar:/Users/bhagyasri.kurmadasu/.m2/repository/org/apache/httpcomponents/core5/httpcore5-h2/5.2/httpcore5-h2-5.2.jar:"/>
    <property name="java.vm.vendor" value="Homebrew"/>
    <property name="sun.arch.data.model" value="64"/>
    <property name="java.vendor.url" value="https://github.com/Homebrew/homebrew-core/issues"/>
    <property name="user.timezone" value="Asia/Kolkata"/>
    <property name="suiteXmlFile" value="src/test/resources/testng/sanity.xml"/>
    <property name="os.name" value="Mac OS X"/>
    <property name="java.vm.specification.version" value="23"/>
    <property name="sun.java.launcher" value="SUN_STANDARD"/>
    <property name="user.country" value="GB"/>
    <property name="sun.boot.library.path" value="/usr/local/Cellar/openjdk/23.0.2/libexec/openjdk.jdk/Contents/Home/lib"/>
    <property name="sun.java.command" value="/Users/bhagyasri.kurmadasu/eclipse-workspace1/AutomationAssessment/target/surefire/surefirebooter-20250519163114518_3.jar /Users/bhagyasri.kurmadasu/eclipse-workspace1/AutomationAssessment/target/surefire 2025-05-19T16-31-14_435-jvmRun1 surefire-20250519163114518_1tmp surefire_0-20250519163114518_2tmp"/>
    <property name="http.nonProxyHosts" value="local|*.local|169.254/16|*.169.254/16"/>
    <property name="jdk.debug" value="release"/>
    <property name="surefire.test.class.path" value="/Users/bhagyasri.kurmadasu/eclipse-workspace1/AutomationAssessment/target/test-classes:/Users/bhagyasri.kurmadasu/eclipse-workspace1/AutomationAssessment/target/classes:/Users/bhagyasri.kurmadasu/.m2/repository/org/seleniumhq/selenium/selenium-java/4.19.1/selenium-java-4.19.1.jar:/Users/bhagyasri.kurmadasu/.m2/repository/org/seleniumhq/selenium/selenium-api/4.19.1/selenium-api-4.19.1.jar:/Users/bhagyasri.kurmadasu/.m2/repository/org/seleniumhq/selenium/selenium-chrome-driver/4.19.1/selenium-chrome-driver-4.19.1.jar:/Users/bhagyasri.kurmadasu/.m2/repository/com/google/auto/service/auto-service-annotations/1.1.1/auto-service-annotations-1.1.1.jar:/Users/bhagyasri.kurmadasu/.m2/repository/org/seleniumhq/selenium/selenium-chromium-driver/4.19.1/selenium-chromium-driver-4.19.1.jar:/Users/bhagyasri.kurmadasu/.m2/repository/org/seleniumhq/selenium/selenium-json/4.19.1/selenium-json-4.19.1.jar:/Users/bhagyasri.kurmadasu/.m2/repository/org/seleniumhq/selenium/selenium-manager/4.19.1/selenium-manager-4.19.1.jar:/Users/bhagyasri.kurmadasu/.m2/repository/org/seleniumhq/selenium/selenium-devtools-v121/4.19.1/selenium-devtools-v121-4.19.1.jar:/Users/bhagyasri.kurmadasu/.m2/repository/org/seleniumhq/selenium/selenium-devtools-v122/4.19.1/selenium-devtools-v122-4.19.1.jar:/Users/bhagyasri.kurmadasu/.m2/repository/org/seleniumhq/selenium/selenium-devtools-v123/4.19.1/selenium-devtools-v123-4.19.1.jar:/Users/bhagyasri.kurmadasu/.m2/repository/org/seleniumhq/selenium/selenium-devtools-v85/4.19.1/selenium-devtools-v85-4.19.1.jar:/Users/bhagyasri.kurmadasu/.m2/repository/org/seleniumhq/selenium/selenium-edge-driver/4.19.1/selenium-edge-driver-4.19.1.jar:/Users/bhagyasri.kurmadasu/.m2/repository/org/seleniumhq/selenium/selenium-firefox-driver/4.19.1/selenium-firefox-driver-4.19.1.jar:/Users/bhagyasri.kurmadasu/.m2/repository/org/seleniumhq/selenium/selenium-http/4.19.1/selenium-http-4.19.1.jar:/Users/bhagyasri.kurmadasu/.m2/repository/dev/failsafe/failsafe/3.3.2/failsafe-3.3.2.jar:/Users/bhagyasri.kurmadasu/.m2/repository/org/seleniumhq/selenium/selenium-ie-driver/4.19.1/selenium-ie-driver-4.19.1.jar:/Users/bhagyasri.kurmadasu/.m2/repository/org/seleniumhq/selenium/selenium-remote-driver/4.19.1/selenium-remote-driver-4.19.1.jar:/Users/bhagyasri.kurmadasu/.m2/repository/com/google/guava/guava/33.1.0-jre/guava-33.1.0-jre.jar:/Users/bhagyasri.kurmadasu/.m2/repository/com/google/guava/failureaccess/1.0.2/failureaccess-1.0.2.jar:/Users/bhagyasri.kurmadasu/.m2/repository/com/google/guava/listenablefuture/9999.0-empty-to-avoid-conflict-with-guava/listenablefuture-9999.0-empty-to-avoid-conflict-with-guava.jar:/Users/bhagyasri.kurmadasu/.m2/repository/com/google/code/findbugs/jsr305/3.0.2/jsr305-3.0.2.jar:/Users/bhagyasri.kurmadasu/.m2/repository/org/checkerframework/checker-qual/3.42.0/checker-qual-3.42.0.jar:/Users/bhagyasri.kurmadasu/.m2/repository/com/google/errorprone/error_prone_annotations/2.26.1/error_prone_annotations-2.26.1.jar:/Users/bhagyasri.kurmadasu/.m2/repository/com/google/j2objc/j2objc-annotations/3.0.0/j2objc-annotations-3.0.0.jar:/Users/bhagyasri.kurmadasu/.m2/repository/io/opentelemetry/semconv/opentelemetry-semconv/1.23.1-alpha/opentelemetry-semconv-1.23.1-alpha.jar:/Users/bhagyasri.kurmadasu/.m2/repository/io/opentelemetry/opentelemetry-api/1.36.0/opentelemetry-api-1.36.0.jar:/Users/bhagyasri.kurmadasu/.m2/repository/io/opentelemetry/opentelemetry-context/1.36.0/opentelemetry-context-1.36.0.jar:/Users/bhagyasri.kurmadasu/.m2/repository/io/opentelemetry/opentelemetry-exporter-logging/1.36.0/opentelemetry-exporter-logging-1.36.0.jar:/Users/bhagyasri.kurmadasu/.m2/repository/io/opentelemetry/opentelemetry-sdk-common/1.36.0/opentelemetry-sdk-common-1.36.0.jar:/Users/bhagyasri.kurmadasu/.m2/repository/io/opentelemetry/opentelemetry-sdk-extension-autoconfigure-spi/1.36.0/opentelemetry-sdk-extension-autoconfigure-spi-1.36.0.jar:/Users/bhagyasri.kurmadasu/.m2/repository/io/opentelemetry/opentelemetry-sdk-extension-autoconfigure/1.36.0/opentelemetry-sdk-extension-autoconfigure-1.36.0.jar:/Users/bhagyasri.kurmadasu/.m2/repository/io/opentelemetry/opentelemetry-api-events/1.36.0-alpha/opentelemetry-api-events-1.36.0-alpha.jar:/Users/bhagyasri.kurmadasu/.m2/repository/io/opentelemetry/opentelemetry-sdk-trace/1.36.0/opentelemetry-sdk-trace-1.36.0.jar:/Users/bhagyasri.kurmadasu/.m2/repository/io/opentelemetry/opentelemetry-extension-incubator/1.36.0-alpha/opentelemetry-extension-incubator-1.36.0-alpha.jar:/Users/bhagyasri.kurmadasu/.m2/repository/io/opentelemetry/opentelemetry-sdk/1.36.0/opentelemetry-sdk-1.36.0.jar:/Users/bhagyasri.kurmadasu/.m2/repository/io/opentelemetry/opentelemetry-sdk-metrics/1.36.0/opentelemetry-sdk-metrics-1.36.0.jar:/Users/bhagyasri.kurmadasu/.m2/repository/io/opentelemetry/opentelemetry-sdk-logs/1.36.0/opentelemetry-sdk-logs-1.36.0.jar:/Users/bhagyasri.kurmadasu/.m2/repository/org/seleniumhq/selenium/selenium-os/4.19.1/selenium-os-4.19.1.jar:/Users/bhagyasri.kurmadasu/.m2/repository/org/apache/commons/commons-exec/1.3/commons-exec-1.3.jar:/Users/bhagyasri.kurmadasu/.m2/repository/org/seleniumhq/selenium/selenium-safari-driver/4.19.1/selenium-safari-driver-4.19.1.jar:/Users/bhagyasri.kurmadasu/.m2/repository/org/seleniumhq/selenium/selenium-support/4.19.1/selenium-support-4.19.1.jar:/Users/bhagyasri.kurmadasu/.m2/repository/io/cucumber/cucumber-java/7.14.0/cucumber-java-7.14.0.jar:/Users/bhagyasri.kurmadasu/.m2/repository/io/cucumber/cucumber-core/7.14.0/cucumber-core-7.14.0.jar:/Users/bhagyasri.kurmadasu/.m2/repository/io/cucumber/cucumber-gherkin/7.14.0/cucumber-gherkin-7.14.0.jar:/Users/bhagyasri.kurmadasu/.m2/repository/io/cucumber/cucumber-gherkin-messages/7.14.0/cucumber-gherkin-messages-7.14.0.jar:/Users/bhagyasri.kurmadasu/.m2/repository/io/cucumber/gherkin/26.2.0/gherkin-26.2.0.jar:/Users/bhagyasri.kurmadasu/.m2/repository/io/cucumber/messages/22.0.0/messages-22.0.0.jar:/Users/bhagyasri.kurmadasu/.m2/repository/io/cucumber/tag-expressions/5.0.6/tag-expressions-5.0.6.jar:/Users/bhagyasri.kurmadasu/.m2/repository/io/cucumber/cucumber-expressions/16.1.2/cucumber-expressions-16.1.2.jar:/Users/bhagyasri.kurmadasu/.m2/repository/io/cucumber/datatable/7.14.0/datatable-7.14.0.jar:/Users/bhagyasri.kurmadasu/.m2/repository/io/cucumber/cucumber-plugin/7.14.0/cucumber-plugin-7.14.0.jar:/Users/bhagyasri.kurmadasu/.m2/repository/io/cucumber/docstring/7.14.0/docstring-7.14.0.jar:/Users/bhagyasri.kurmadasu/.m2/repository/io/cucumber/html-formatter/20.4.0/html-formatter-20.4.0.jar:/Users/bhagyasri.kurmadasu/.m2/repository/io/cucumber/junit-xml-formatter/0.2.0/junit-xml-formatter-0.2.0.jar:/Users/bhagyasri.kurmadasu/.m2/repository/io/cucumber/ci-environment/9.2.0/ci-environment-9.2.0.jar:/Users/bhagyasri.kurmadasu/.m2/repository/org/apiguardian/apiguardian-api/1.1.2/apiguardian-api-1.1.2.jar:/Users/bhagyasri.kurmadasu/.m2/repository/io/cucumber/cucumber-testng/7.14.0/cucumber-testng-7.14.0.jar:/Users/bhagyasri.kurmadasu/.m2/repository/org/testng/testng/7.9.0/testng-7.9.0.jar:/Users/bhagyasri.kurmadasu/.m2/repository/org/slf4j/slf4j-api/1.7.36/slf4j-api-1.7.36.jar:/Users/bhagyasri.kurmadasu/.m2/repository/com/beust/jcommander/1.82/jcommander-1.82.jar:/Users/bhagyasri.kurmadasu/.m2/repository/org/webjars/jquery/3.7.1/jquery-3.7.1.jar:/Users/bhagyasri.kurmadasu/.m2/repository/junit/junit/4.13.2/junit-4.13.2.jar:/Users/bhagyasri.kurmadasu/.m2/repository/org/hamcrest/hamcrest-core/1.3/hamcrest-core-1.3.jar:/Users/bhagyasri.kurmadasu/.m2/repository/org/assertj/assertj-core/3.25.3/assertj-core-3.25.3.jar:/Users/bhagyasri.kurmadasu/.m2/repository/net/bytebuddy/byte-buddy/1.14.11/byte-buddy-1.14.11.jar:/Users/bhagyasri.kurmadasu/.m2/repository/io/github/bonigarcia/webdrivermanager/5.7.0/webdrivermanager-5.7.0.jar:/Users/bhagyasri.kurmadasu/.m2/repository/com/google/code/gson/gson/2.10.1/gson-2.10.1.jar:/Users/bhagyasri.kurmadasu/.m2/repository/com/github/docker-java/docker-java/3.3.5/docker-java-3.3.5.jar:/Users/bhagyasri.kurmadasu/.m2/repository/com/github/docker-java/docker-java-core/3.3.5/docker-java-core-3.3.5.jar:/Users/bhagyasri.kurmadasu/.m2/repository/com/github/docker-java/docker-java-api/3.3.5/docker-java-api-3.3.5.jar:/Users/bhagyasri.kurmadasu/.m2/repository/com/fasterxml/jackson/core/jackson-annotations/2.10.3/jackson-annotations-2.10.3.jar:/Users/bhagyasri.kurmadasu/.m2/repository/com/fasterxml/jackson/core/jackson-databind/2.10.3/jackson-databind-2.10.3.jar:/Users/bhagyasri.kurmadasu/.m2/repository/com/fasterxml/jackson/core/jackson-core/2.10.3/jackson-core-2.10.3.jar:/Users/bhagyasri.kurmadasu/.m2/repository/org/bouncycastle/bcpkix-jdk18on/1.76/bcpkix-jdk18on-1.76.jar:/Users/bhagyasri.kurmadasu/.m2/repository/org/bouncycastle/bcprov-jdk18on/1.76/bcprov-jdk18on-1.76.jar:/Users/bhagyasri.kurmadasu/.m2/repository/org/bouncycastle/bcutil-jdk18on/1.76/bcutil-jdk18on-1.76.jar:/Users/bhagyasri.kurmadasu/.m2/repository/org/slf4j/jcl-over-slf4j/1.7.30/jcl-over-slf4j-1.7.30.jar:/Users/bhagyasri.kurmadasu/.m2/repository/com/github/docker-java/docker-java-transport-httpclient5/3.3.5/docker-java-transport-httpclient5-3.3.5.jar:/Users/bhagyasri.kurmadasu/.m2/repository/com/github/docker-java/docker-java-transport/3.3.5/docker-java-transport-3.3.5.jar:/Users/bhagyasri.kurmadasu/.m2/repository/net/java/dev/jna/jna/5.13.0/jna-5.13.0.jar:/Users/bhagyasri.kurmadasu/.m2/repository/org/brotli/dec/0.1.2/dec-0.1.2.jar:/Users/bhagyasri.kurmadasu/.m2/repository/org/apache/commons/commons-lang3/3.14.0/commons-lang3-3.14.0.jar:/Users/bhagyasri.kurmadasu/.m2/repository/org/apache/commons/commons-compress/1.26.0/commons-compress-1.26.0.jar:/Users/bhagyasri.kurmadasu/.m2/repository/commons-io/commons-io/2.15.1/commons-io-2.15.1.jar:/Users/bhagyasri.kurmadasu/.m2/repository/org/apache/httpcomponents/client5/httpclient5/5.2.1/httpclient5-5.2.1.jar:/Users/bhagyasri.kurmadasu/.m2/repository/org/apache/httpcomponents/core5/httpcore5/5.2/httpcore5-5.2.jar:/Users/bhagyasri.kurmadasu/.m2/repository/org/apache/httpcomponents/core5/httpcore5-h2/5.2/httpcore5-h2-5.2.jar:"/>
    <property name="sun.cpu.endian" value="little"/>
    <property name="user.home" value="/Users/bhagyasri.kurmadasu"/>
    <property name="user.language" value="en"/>
    <property name="java.specification.vendor" value="Oracle Corporation"/>
    <property name="java.version.date" value="2025-01-21"/>
    <property name="java.home" value="/usr/local/Cellar/openjdk/23.0.2/libexec/openjdk.jdk/Contents/Home"/>
    <property name="file.separator" value="/"/>
    <property name="basedir" value="/Users/bhagyasri.kurmadasu/eclipse-workspace1/AutomationAssessment"/>
    <property name="java.vm.compressedOopsMode" value="Zero based"/>
    <property name="line.separator" value="&#10;"/>
    <property name="java.vm.specification.vendor" value="Oracle Corporation"/>
    <property name="java.specification.name" value="Java Platform API Specification"/>
    <property name="apple.awt.application.name" value="ForkedBooter"/>
    <property name="surefire.real.class.path" value="/Users/bhagyasri.kurmadasu/eclipse-workspace1/AutomationAssessment/target/surefire/surefirebooter-20250519163114518_3.jar"/>
    <property name="sun.management.compiler" value="HotSpot 64-Bit Tiered Compilers"/>
    <property name="ftp.nonProxyHosts" value="local|*.local|169.254/16|*.169.254/16"/>
    <property name="java.runtime.version" value="23.0.2"/>
    <property name="user.name" value="bhagyasri.kurmadasu"/>
    <property name="stdout.encoding" value="UTF-8"/>
    <property name="path.separator" value=":"/>
    <property name="os.version" value="15.4.1"/>
    <property name="java.runtime.name" value="OpenJDK Runtime Environment"/>
    <property name="file.encoding" value="UTF-8"/>
    <property name="java.vm.name" value="OpenJDK 64-Bit Server VM"/>
    <property name="java.vendor.version" value="Homebrew"/>
    <property name="localRepository" value="/Users/bhagyasri.kurmadasu/.m2/repository"/>
    <property name="java.vendor.url.bug" value="https://github.com/Homebrew/homebrew-core/issues"/>
    <property name="java.io.tmpdir" value="/var/folders/4m/0dj8mhns77bcfbls74ghy1nmkh1p52/T/"/>
    <property name="java.version" value="23.0.2"/>
    <property name="user.dir" value="/Users/bhagyasri.kurmadasu/eclipse-workspace1/AutomationAssessment"/>
    <property name="os.arch" value="x86_64"/>
    <property name="java.vm.specification.name" value="Java Virtual Machine Specification"/>
    <property name="native.encoding" value="UTF-8"/>
    <property name="java.library.path" value="/Users/bhagyasri.kurmadasu/Library/Java/Extensions:/Library/Java/Extensions:/Network/Library/Java/Extensions:/System/Library/Java/Extensions:/usr/lib/java:."/>
    <property name="java.vm.info" value="mixed mode, sharing"/>
    <property name="stderr.encoding" value="UTF-8"/>
    <property name="java.vendor" value="Homebrew"/>
    <property name="java.vm.version" value="23.0.2"/>
    <property name="sun.io.unicode.encoding" value="UnicodeBig"/>
    <property name="socksNonProxyHosts" value="local|*.local|169.254/16|*.169.254/16"/>
    <property name="java.class.version" value="67.0"/>
  </properties>
  <testcase name="runScenario[&quot;User initiates the career website and the website loads successfully&quot;, &quot;Careers - Job Search Functionality&quot;](1)" classname="runners.SanityTestRunner" time="11.801">
    <system-out><![CDATA[
@Smoke @Sanity @Regression
Scenario: User initiates the career website and the website loads successfully # src/test/resources/features/jobSearch.feature:5
>>> [HOOK] Initializing Driver
Setup called for thread: 1
Launching browser on thread: Thread[#1,main,5,main]
Accept button clicked.
  Given The user initiates the career website                                  # stepdefinitions.jobSearchSteps.launchCareersWebsite()
  Then Verify that the website loaded successfully                             # stepdefinitions.jobSearchSteps.validatePageIsDisplayed()
]]></system-out>
    <system-err><![CDATA[SLF4J: Failed to load class "org.slf4j.impl.StaticLoggerBinder".
SLF4J: Defaulting to no-operation (NOP) logger implementation
SLF4J: See http://www.slf4j.org/codes.html#StaticLoggerBinder for further details.
May 19, 2025 4:31:19 PM org.openqa.selenium.devtools.CdpVersionFinder findNearestMatch
WARNING: Unable to find CDP implementation matching 136
May 19, 2025 4:31:19 PM org.openqa.selenium.chromium.ChromiumDriver lambda$new$5
WARNING: Unable to find version of CDP to use for 136.0.7103.114. You may need to include a dependency on a specific version of the CDP using something similar to `org.seleniumhq.selenium:selenium-devtools-v86:4.19.1` where the version ("v86") matches the version of the chromium-based browser you're using and the version number of the artifact is the same as Selenium's.
]]></system-err>
  </testcase>
  <testcase name="runScenario[&quot;Search for a job using single dropdown&quot;, &quot;Careers - Job Search Functionality&quot;](2)" classname="runners.SanityTestRunner" time="16.466">
    <system-out><![CDATA[
@Sanity @Regression
Scenario: Search for a job using single dropdown               # src/test/resources/features/jobSearch.feature:16
>>> [HOOK] Initializing Driver
Setup called for thread: 1
Launching browser on thread: Thread[#1,main,5,main]
Accept button clicked.
  Given The user initiates the career website                  # stepdefinitions.jobSearchSteps.launchCareersWebsite()
Search Roles – Deutsche Bank Careers
radio button clicked successfully
  When The User navigates to Search Roles                      # stepdefinitions.jobSearchSteps.navigateToSeachRole()
Bangalore clicked successfully
  And The user searches the job with single dropdown           # stepdefinitions.jobSearchSteps.searchTheJobWithSingleDropDown()
TD Shared Services – Programme Coordinator
Location: Bangalore
  Then The results should contain the city keyword "Bangalore" # stepdefinitions.jobSearchSteps.verifyResultsForSingleDropdownFilter(java.lang.String)
]]></system-out>
    <system-err><![CDATA[May 19, 2025 4:31:30 PM org.openqa.selenium.devtools.CdpVersionFinder findNearestMatch
WARNING: Unable to find CDP implementation matching 136
May 19, 2025 4:31:30 PM org.openqa.selenium.chromium.ChromiumDriver lambda$new$5
WARNING: Unable to find version of CDP to use for 136.0.7103.114. You may need to include a dependency on a specific version of the CDP using something similar to `org.seleniumhq.selenium:selenium-devtools-v86:4.19.1` where the version ("v86") matches the version of the chromium-based browser you're using and the version number of the artifact is the same as Selenium's.
]]></system-err>
  </testcase>
  <testcase name="runScenario[&quot;Search for a job using a valid keywords&quot;, &quot;Careers - Job Search Functionality&quot;](3)" classname="runners.SanityTestRunner" time="16.488">
    <system-out><![CDATA[
@Smoke @Sanity @Regression
Scenario: Search for a job using a valid keywords                                                          # src/test/resources/features/jobSearch.feature:30
>>> [HOOK] Initializing Driver
Setup called for thread: 1
Launching browser on thread: Thread[#1,main,5,main]
Accept button clicked.
  Given The user initiates the career website                                                              # stepdefinitions.jobSearchSteps.launchCareersWebsite()
  When The user navigates to Search the role with keyword search                                           # stepdefinitions.jobSearchSteps.KeywordSearch()
  And The user searches the job by passing valid keywords "Full stack engineer" to Keyword field           # stepdefinitions.jobSearchSteps.searchJobWithKeywordSearch(java.lang.String)
senior full stack engineer
senior full stack engineer
full stack engineer - vice president
senior full stack engineer, avp
full stack engineer - vice president
senior full stack engineer, avp
senior full stack engineer - vice president
full stack engineer - assistant vice president
full stack engineer - assistant vice president
senior full stack engineer (devops primary)
  Then The results should contain the keyword that have been passed in Keyword field "Full stack engineer" # stepdefinitions.jobSearchSteps.verifyResults(java.lang.String)
]]></system-out>
    <system-err><![CDATA[May 19, 2025 4:31:46 PM org.openqa.selenium.devtools.CdpVersionFinder findNearestMatch
WARNING: Unable to find CDP implementation matching 136
May 19, 2025 4:31:46 PM org.openqa.selenium.chromium.ChromiumDriver lambda$new$5
WARNING: Unable to find version of CDP to use for 136.0.7103.114. You may need to include a dependency on a specific version of the CDP using something similar to `org.seleniumhq.selenium:selenium-devtools-v86:4.19.1` where the version ("v86") matches the version of the chromium-based browser you're using and the version number of the artifact is the same as Selenium's.
]]></system-err>
  </testcase>
  <testcase name="runScenario[&quot;Search by Valid Job ID&quot;, &quot;Careers - Job Search Functionality&quot;](4)" classname="runners.SanityTestRunner" time="17.584">
    <system-out><![CDATA[
@Smoke @Sanity @Regression
Scenario: Search by Valid Job ID                                                               # src/test/resources/features/jobSearch.feature:37
>>> [HOOK] Initializing Driver
Setup called for thread: 1
Launching browser on thread: Thread[#1,main,5,main]
Accept button clicked.
  Given The user initiates the career website                                                  # stepdefinitions.jobSearchSteps.launchCareersWebsite()
  When The user navigates to Search the role with keyword search                               # stepdefinitions.jobSearchSteps.KeywordSearch()
  And The user searches the job by passing Job ID "R0381475" to Keyword field                  # stepdefinitions.jobSearchSteps.searchByValidJobID(java.lang.String)
  Then The results should contain the Job ID that have been passed in Keyword field "R0381475" # stepdefinitions.jobSearchSteps.validatejobId(java.lang.String)
]]></system-out>
    <system-err><![CDATA[May 19, 2025 4:32:03 PM org.openqa.selenium.devtools.CdpVersionFinder findNearestMatch
WARNING: Unable to find CDP implementation matching 136
May 19, 2025 4:32:03 PM org.openqa.selenium.chromium.ChromiumDriver lambda$new$5
WARNING: Unable to find version of CDP to use for 136.0.7103.114. You may need to include a dependency on a specific version of the CDP using something similar to `org.seleniumhq.selenium:selenium-devtools-v86:4.19.1` where the version ("v86") matches the version of the chromium-based browser you're using and the version number of the artifact is the same as Selenium's.
]]></system-err>
  </testcase>
  <testcase name="runScenario[&quot;Click on a job result&quot;, &quot;Careers - Job Search Functionality&quot;](5)" classname="runners.SanityTestRunner" time="17.663">
    <system-out><![CDATA[
@Sanity @Regression
Scenario: Click on a job result                                                            # src/test/resources/features/jobSearch.feature:44
>>> [HOOK] Initializing Driver
Setup called for thread: 1
Launching browser on thread: Thread[#1,main,5,main]
Accept button clicked.
  Given The user initiates the career website                                              # stepdefinitions.jobSearchSteps.launchCareersWebsite()
  When The user navigates to Search the role with keyword search                           # stepdefinitions.jobSearchSteps.KeywordSearch()
  And The user searches the job by passing Job ID "R0381475" to Keyword field              # stepdefinitions.jobSearchSteps.searchByValidJobID(java.lang.String)
https://careers.db.com/professionals/search-roles/#/professional/job/61912
  Then Validate when clicked on job link, the user should be navigated to job details page # stepdefinitions.jobSearchSteps.validatejobLink()
]]></system-out>
    <system-err><![CDATA[May 19, 2025 4:32:21 PM org.openqa.selenium.devtools.CdpVersionFinder findNearestMatch
WARNING: Unable to find CDP implementation matching 136
May 19, 2025 4:32:21 PM org.openqa.selenium.chromium.ChromiumDriver lambda$new$5
WARNING: Unable to find version of CDP to use for 136.0.7103.114. You may need to include a dependency on a specific version of the CDP using something similar to `org.seleniumhq.selenium:selenium-devtools-v86:4.19.1` where the version ("v86") matches the version of the chromium-based browser you're using and the version number of the artifact is the same as Selenium's.
]]></system-err>
  </testcase>
</testsuite>