<?xml version="1.0" encoding="UTF-8"?>
<!-- Generated by org.testng.reporters.JUnitReportReporter -->
<testsuite hostname="ndi-mb-109" failures="0" tests="5" name="runners.SanityTestRunner" time="80.000" errors="0" timestamp="2025-05-19T16:32:35 IST" skipped="0">
  <testcase classname="runners.SanityTestRunner" name="runScenario" time="16.466"/>
  <testcase classname="runners.SanityTestRunner" name="runScenario" time="17.662"/>
  <testcase classname="runners.SanityTestRunner" name="runScenario" time="11.801"/>
  <testcase classname="runners.SanityTestRunner" name="runScenario" time="17.583"/>
  <testcase classname="runners.SanityTestRunner" name="runScenario" time="16.488"/>
</testsuite> <!-- runners.SanityTestRunner -->
